  Action.cpp
C:\BP\ualbertabot\SparCraft\source\Common.h(3,10): fatal  error C1083: Cannot open include file: 'BWAPI.h': No such file or directory
  AllPlayers.cpp
C:\BP\ualbertabot\SparCraft\source\Common.h(3,10): fatal  error C1083: Cannot open include file: 'BWAPI.h': No such file or directory
  AlphaBetaMove.cpp
C:\BP\ualbertabot\SparCraft\source\Common.h(3,10): fatal  error C1083: Cannot open include file: 'BWAPI.h': No such file or directory
  AlphaBetaSearch.cpp
C:\BP\ualbertabot\SparCraft\source\Common.h(3,10): fatal  error C1083: Cannot open include file: 'BWAPI.h': No such file or directory
  AnimationFrameData.cpp
C:\BP\ualbertabot\SparCraft\source\Common.h(3,10): fatal  error C1083: Cannot open include file: 'BWAPI.h': No such file or directory
  Common.cpp
C:\BP\ualbertabot\SparCraft\source\Common.h(3,10): fatal  error C1083: Cannot open include file: 'BWAPI.h': No such file or directory
  EnumData.cpp
C:\BP\ualbertabot\SparCraft\source\Common.h(3,10): fatal  error C1083: Cannot open include file: 'BWAPI.h': No such file or directory
  Game.cpp
C:\BP\ualbertabot\SparCraft\source\Common.h(3,10): fatal  error C1083: Cannot open include file: 'BWAPI.h': No such file or directory
  GameState.cpp
C:\BP\ualbertabot\SparCraft\source\Common.h(3,10): fatal  error C1083: Cannot open include file: 'BWAPI.h': No such file or directory
  Hash.cpp
C:\BP\ualbertabot\SparCraft\source\Common.h(3,10): fatal  error C1083: Cannot open include file: 'BWAPI.h': No such file or directory
  Logger.cpp
  MoveArray.cpp
C:\BP\ualbertabot\SparCraft\source\Common.h(3,10): fatal  error C1083: Cannot open include file: 'BWAPI.h': No such file or directory
  Player.cpp
C:\BP\ualbertabot\SparCraft\source\Common.h(3,10): fatal  error C1083: Cannot open include file: 'BWAPI.h': No such file or directory
  PlayerProperties.cpp
C:\BP\ualbertabot\SparCraft\source\Common.h(3,10): fatal  error C1083: Cannot open include file: 'BWAPI.h': No such file or directory
  Player_AlphaBeta.cpp
C:\BP\ualbertabot\SparCraft\source\Common.h(3,10): fatal  error C1083: Cannot open include file: 'BWAPI.h': No such file or directory
  Player_AttackClosest.cpp
C:\BP\ualbertabot\SparCraft\source\Common.h(3,10): fatal  error C1083: Cannot open include file: 'BWAPI.h': No such file or directory
  Player_AttackDPS.cpp
C:\BP\ualbertabot\SparCraft\source\Common.h(3,10): fatal  error C1083: Cannot open include file: 'BWAPI.h': No such file or directory
  Player_AttackWeakest.cpp
C:\BP\ualbertabot\SparCraft\source\Common.h(3,10): fatal  error C1083: Cannot open include file: 'BWAPI.h': No such file or directory
  Player_Cluster.cpp
C:\BP\ualbertabot\SparCraft\source\Common.h(3,10): fatal  error C1083: Cannot open include file: 'BWAPI.h': No such file or directory
  Player_Kiter.cpp
C:\BP\ualbertabot\SparCraft\source\Common.h(3,10): fatal  error C1083: Cannot open include file: 'BWAPI.h': No such file or directory
  Generating Code...
  Compiling...
  Player_KiterDPS.cpp
C:\BP\ualbertabot\SparCraft\source\Common.h(3,10): fatal  error C1083: Cannot open include file: 'BWAPI.h': No such file or directory
  Player_Kiter_NOKDPS.cpp
C:\BP\ualbertabot\SparCraft\source\Common.h(3,10): fatal  error C1083: Cannot open include file: 'BWAPI.h': No such file or directory
  Player_NOKDPS.cpp
C:\BP\ualbertabot\SparCraft\source\Common.h(3,10): fatal  error C1083: Cannot open include file: 'BWAPI.h': No such file or directory
  Player_PortfolioGreedySearch.cpp
C:\BP\ualbertabot\SparCraft\source\Common.h(3,10): fatal  error C1083: Cannot open include file: 'BWAPI.h': No such file or directory
  Player_Random.cpp
C:\BP\ualbertabot\SparCraft\source\Common.h(3,10): fatal  error C1083: Cannot open include file: 'BWAPI.h': No such file or directory
  Player_UCT.cpp
C:\BP\ualbertabot\SparCraft\source\Common.h(3,10): fatal  error C1083: Cannot open include file: 'BWAPI.h': No such file or directory
  PortfolioGreedySearch.cpp
C:\BP\ualbertabot\SparCraft\source\Common.h(3,10): fatal  error C1083: Cannot open include file: 'BWAPI.h': No such file or directory
  SparCraft.cpp
C:\BP\ualbertabot\SparCraft\source\Common.h(3,10): fatal  error C1083: Cannot open include file: 'BWAPI.h': No such file or directory
  SparCraftAssert.cpp
C:\BP\ualbertabot\SparCraft\source\Common.h(3,10): fatal  error C1083: Cannot open include file: 'BWAPI.h': No such file or directory
  SparCraftException.cpp
C:\BP\ualbertabot\SparCraft\source\Common.h(3,10): fatal  error C1083: Cannot open include file: 'BWAPI.h': No such file or directory
  Timer.cpp
C:\BP\ualbertabot\SparCraft\source\Timer.h(23,11): fatal  error C1083: Cannot open include file: 'sys/time.h': No such file or directory
  TranspositionTable.cpp
C:\BP\ualbertabot\SparCraft\source\Common.h(3,10): fatal  error C1083: Cannot open include file: 'BWAPI.h': No such file or directory
  UCTSearch.cpp
C:\BP\ualbertabot\SparCraft\source\Timer.h(23,11): fatal  error C1083: Cannot open include file: 'sys/time.h': No such file or directory
  Unit.cpp
C:\BP\ualbertabot\SparCraft\source\Common.h(3,10): fatal  error C1083: Cannot open include file: 'BWAPI.h': No such file or directory
  UnitProperties.cpp
C:\BP\ualbertabot\SparCraft\source\Common.h(3,10): fatal  error C1083: Cannot open include file: 'BWAPI.h': No such file or directory
  UnitScriptData.cpp
C:\BP\ualbertabot\SparCraft\source\Common.h(3,10): fatal  error C1083: Cannot open include file: 'BWAPI.h': No such file or directory
  WeaponProperties.cpp
C:\BP\ualbertabot\SparCraft\source\Common.h(3,10): fatal  error C1083: Cannot open include file: 'BWAPI.h': No such file or directory
  Generating Code...
